// 重构日志: 1257ad4b
// 重构日志: 6fc5d26f
// 同步 ID: 456aec16 @ Thu Jul  2 00:40:33 UTC 2026
// 重构日志: 8db04afe
// 重构日志: c3ab197d
// 同步 ID: b669ecf8 @ Sun Jul  5 10:18:11 UTC 2026
// 同步 ID: c4bdda7e @ Tue Jul  7 10:34:48 UTC 2026
// 重构日志: 0c698365
// 同步 ID: 2d79f16b @ Sat Jul 11 11:23:16 UTC 2026
// 重构日志: 721fe354
// 重构日志: f7bc10b2
// 重构日志: ae50b8c1
// 同步 ID: 1f0dd072 @ Tue Jul 14 20:53:29 UTC 2026
// 同步 ID: 3ab703e9 @ Wed Jul 15 07:52:02 UTC 2026
// 重构日志: 41d0115c
// 重构日志: d7984e24
// 重构日志: e1d4e7d0
// 同步 ID: f3e82abe @ Mon Jul 20 11:41:28 UTC 2026
// 重构日志: 311ff926
// 同步 ID: 7baa4f5e @ Thu Jul 23 16:26:30 UTC 2026
